La génération a démarré 15/09/2016 08:03:02.
     1>Projet "C:\Users\Julien\Desktop\8IAR125\VS2010\Buckland_Chapter2-State Machines\WestWorldWithMessaging\WestWorldWithMessaging.vcxproj" sur le nœud 2 (Build cible(s)).
     1>C:\Program Files (x86)\MSBuild\Microsoft.Cpp\v4.0\V120\Microsoft.CppBuild.targets(381,5): warning MSB8028: The intermediate directory (.\Debug\) contains files shared from another project (WestWorldWithMessaging.vcxproj).  This can lead to incorrect clean and rebuild behavior.
     1>ClCompile:
         C:\Program Files (x86)\Microsoft Visual Studio 12.0\VC\bin\CL.exe /c /ZI /nologo /W3 /WX- /Od /Oy- /D WIN32 /D _DEBUG /D _CONSOLE /D _VC80_UPGRADE=0x0600 /D _MBCS /Gm /EHsc /RTC1 /MTd /GS /Gy- /fp:precise /Zc:wchar_t /Zc:forScope /GR /Fo".\Debug\\" /Fd".\Debug\vc120.pdb" /FR".\Debug\\" /Gd /TP /analyze- /errorReport:prompt BaseGameEntity.cpp EntityManager.cpp main.cpp MessageDispatcher.cpp Miner.cpp MinerOwnedStates.cpp MinersWife.cpp MinersWifeOwnedStates.cpp ..\..\Common\Time\CrudeTimer.cpp
         Ignoré... (aucune modification pertinente détectée)
         CrudeTimer.cpp
         MinersWifeOwnedStates.cpp
         MinersWife.cpp
         MinerOwnedStates.cpp
         Miner.cpp
         MessageDispatcher.cpp
         main.cpp
         EntityManager.cpp
         BaseGameEntity.cpp
       Link:
         C:\Program Files (x86)\Microsoft Visual Studio 12.0\VC\bin\link.exe /ERRORREPORT:PROMPT /OUT:".\Debug\WestWorldWithMessaging.exe" /INCREMENTAL /NOLOGO odbc32.lib odbccp32.lib kernel32.lib user32.lib gdi32.lib winspool.lib comdlg32.lib advapi32.lib shell32.lib ole32.lib oleaut32.lib uuid.lib odbc32.lib odbccp32.lib /MANIFEST /MANIFESTUAC:"level='asInvoker' uiAccess='false'" /manifest:embed /DEBUG /PDB:".\Debug\WestWorldWithMessaging.pdb" /SUBSYSTEM:CONSOLE /TLBID:1 /DYNAMICBASE /NXCOMPAT /IMPLIB:".\Debug\WestWorldWithMessaging.lib" /MACHINE:X86 /SAFESEH .\Debug\BaseGameEntity.obj
         .\Debug\EntityManager.obj
         .\Debug\main.obj
         .\Debug\MessageDispatcher.obj
         .\Debug\Miner.obj
         .\Debug\MinerOwnedStates.obj
         .\Debug\MinersWife.obj
         .\Debug\MinersWifeOwnedStates.obj
         .\Debug\CrudeTimer.obj
         LINK : base de données C:\Users\Julien\Desktop\8IAR125\VS2010\Buckland_Chapter2-State Machines\WestWorldWithMessaging\Debug\WestWorldWithMessaging.pdb du programme manquante ; édition de liens complète en cours
     1>BaseGameEntity.obj : warning LNK4075: ' /EDITANDCONTINUE' ignoré à cause de la spécification '/SAFESEH'
         WestWorldWithMessaging.vcxproj -> C:\Users\Julien\Desktop\8IAR125\VS2010\Buckland_Chapter2-State Machines\WestWorldWithMessaging\.\Debug\WestWorldWithMessaging.exe
       BscMake:
         C:\Program Files (x86)\Microsoft Visual Studio 12.0\VC\bin\bscmake.exe /nologo /o".\Debug\WestWorldWithMessaging.bsc" .\Debug\BaseGameEntity.sbr .\Debug\EntityManager.sbr .\Debug\main.sbr .\Debug\MessageDispatcher.sbr .\Debug\Miner.sbr .\Debug\MinerOwnedStates.sbr .\Debug\MinersWife.sbr .\Debug\MinersWifeOwnedStates.sbr .\Debug\CrudeTimer.sbr
     1>Génération du projet "C:\Users\Julien\Desktop\8IAR125\VS2010\Buckland_Chapter2-State Machines\WestWorldWithMessaging\WestWorldWithMessaging.vcxproj" terminée (Build cible(s)).

La génération a réussi.

Temps écoulé 00:00:44.59
