c:\users\fabie\desktop\cours uqac\mineur\vs2010\buckland_chapter2-state machines\westworldwithmessaging\debug\westworldwithmessaging.bsc
c:\users\fabie\desktop\cours uqac\mineur\vs2010\buckland_chapter2-state machines\westworldwithmessaging\debug\vc140.pdb
c:\users\fabie\desktop\cours uqac\mineur\vs2010\buckland_chapter2-state machines\westworldwithmessaging\debug\vc140.idb
c:\users\fabie\desktop\cours uqac\mineur\vs2010\buckland_chapter2-state machines\westworldwithmessaging\debug\minerswifeownedstates.sbr
c:\users\fabie\desktop\cours uqac\mineur\vs2010\buckland_chapter2-state machines\westworldwithmessaging\debug\minerswife.sbr
c:\users\fabie\desktop\cours uqac\mineur\vs2010\buckland_chapter2-state machines\westworldwithmessaging\debug\minerownedstates.sbr
c:\users\fabie\desktop\cours uqac\mineur\vs2010\buckland_chapter2-state machines\westworldwithmessaging\debug\miner.sbr
c:\users\fabie\desktop\cours uqac\mineur\vs2010\buckland_chapter2-state machines\westworldwithmessaging\debug\messagedispatcher.sbr
c:\users\fabie\desktop\cours uqac\mineur\vs2010\buckland_chapter2-state machines\westworldwithmessaging\debug\main.sbr
c:\users\fabie\desktop\cours uqac\mineur\vs2010\buckland_chapter2-state machines\westworldwithmessaging\debug\entitymanager.sbr
c:\users\fabie\desktop\cours uqac\mineur\vs2010\buckland_chapter2-state machines\westworldwithmessaging\debug\basegameentity.sbr
c:\users\fabie\desktop\cours uqac\mineur\vs2010\buckland_chapter2-state machines\westworldwithmessaging\debug\crudetimer.sbr
c:\users\fabie\desktop\cours uqac\mineur\vs2010\buckland_chapter2-state machines\westworldwithmessaging\debug\crudetimer.obj
c:\users\fabie\desktop\cours uqac\mineur\vs2010\buckland_chapter2-state machines\westworldwithmessaging\debug\basegameentity.obj
c:\users\fabie\desktop\cours uqac\mineur\vs2010\buckland_chapter2-state machines\westworldwithmessaging\debug\entitymanager.obj
c:\users\fabie\desktop\cours uqac\mineur\vs2010\buckland_chapter2-state machines\westworldwithmessaging\debug\main.obj
c:\users\fabie\desktop\cours uqac\mineur\vs2010\buckland_chapter2-state machines\westworldwithmessaging\debug\messagedispatcher.obj
c:\users\fabie\desktop\cours uqac\mineur\vs2010\buckland_chapter2-state machines\westworldwithmessaging\debug\miner.obj
c:\users\fabie\desktop\cours uqac\mineur\vs2010\buckland_chapter2-state machines\westworldwithmessaging\debug\minerownedstates.obj
c:\users\fabie\desktop\cours uqac\mineur\vs2010\buckland_chapter2-state machines\westworldwithmessaging\debug\minerswife.obj
c:\users\fabie\desktop\cours uqac\mineur\vs2010\buckland_chapter2-state machines\westworldwithmessaging\debug\minerswifeownedstates.obj
c:\users\fabie\desktop\cours uqac\ia\mineur\vs2010\buckland_chapter2-state machines\westworldwithmessaging\debug\vc140.pdb
c:\users\fabie\desktop\cours uqac\ia\mineur\vs2010\buckland_chapter2-state machines\westworldwithmessaging\debug\vc140.idb
c:\users\fabie\desktop\cours uqac\ia\mineur\vs2010\buckland_chapter2-state machines\westworldwithmessaging\debug\crudetimer.sbr
c:\users\fabie\desktop\cours uqac\ia\mineur\vs2010\buckland_chapter2-state machines\westworldwithmessaging\debug\crudetimer.obj
c:\users\fabie\desktop\cours uqac\mineur\vs2010\buckland_chapter2-state machines\westworldwithmessaging\debug\westworldwithmessaging.ilk
c:\users\fabie\desktop\cours uqac\mineur\vs2010\buckland_chapter2-state machines\westworldwithmessaging\debug\westworldwithmessaging.exe
c:\users\fabie\desktop\cours uqac\mineur\vs2010\buckland_chapter2-state machines\westworldwithmessaging\debug\westworldwithmessaging.pdb
c:\users\fabie\desktop\cours uqac\ia\mineur\vs2010\buckland_chapter2-state machines\westworldwithmessaging\debug\westworldwithmessaging.ilk
c:\users\fabie\desktop\cours uqac\ia\mineur\vs2010\buckland_chapter2-state machines\westworldwithmessaging\debug\westworldwithmessaging.pdb
c:\users\fabie\desktop\cours uqac\ia\mineur\vs2010\buckland_chapter2-state machines\westworldwithmessaging\debug\westworldwithmessaging.bsc
c:\users\fabie\desktop\cours uqac\ia\mineur\vs2010\buckland_chapter2-state machines\westworldwithmessaging\.\debug\westworldwithmessaging.exe
c:\users\fabie\desktop\cours uqac\ia\mineur\vs2010\buckland_chapter2-state machines\westworldwithmessaging\debug\westworl.0e2c3421.tlog\bscmake.command.1.tlog
c:\users\fabie\desktop\cours uqac\ia\mineur\vs2010\buckland_chapter2-state machines\westworldwithmessaging\debug\westworl.0e2c3421.tlog\bscmake.read.1.tlog
c:\users\fabie\desktop\cours uqac\ia\mineur\vs2010\buckland_chapter2-state machines\westworldwithmessaging\debug\westworl.0e2c3421.tlog\bscmake.write.1.tlog
c:\users\fabie\desktop\cours uqac\ia\mineur\vs2010\buckland_chapter2-state machines\westworldwithmessaging\debug\westworl.0e2c3421.tlog\cl.command.1.tlog
c:\users\fabie\desktop\cours uqac\ia\mineur\vs2010\buckland_chapter2-state machines\westworldwithmessaging\debug\westworl.0e2c3421.tlog\cl.read.1.tlog
c:\users\fabie\desktop\cours uqac\ia\mineur\vs2010\buckland_chapter2-state machines\westworldwithmessaging\debug\westworl.0e2c3421.tlog\cl.write.1.tlog
c:\users\fabie\desktop\cours uqac\ia\mineur\vs2010\buckland_chapter2-state machines\westworldwithmessaging\debug\westworl.0e2c3421.tlog\link.command.1.tlog
c:\users\fabie\desktop\cours uqac\ia\mineur\vs2010\buckland_chapter2-state machines\westworldwithmessaging\debug\westworl.0e2c3421.tlog\link.read.1.tlog
c:\users\fabie\desktop\cours uqac\ia\mineur\vs2010\buckland_chapter2-state machines\westworldwithmessaging\debug\westworl.0e2c3421.tlog\link.write.1.tlog
